build/app/intermediates/manifest_merge_blame_file/debug/manifest-merger-blame-debug-report.txt
1<?xml version="1.0" encoding="utf-8"?>
2<manifest xmlns:android="http://schemas.android.com/apk/res/android"
3    package="com.smartersvision.food_delivery_app_2"
4    android:versionCode="5"
5    android:versionName="2.6.0" >
6
7    <uses-sdk
8        android:minSdkVersion="20"
9        android:targetSdkVersion="31" />
10    <!--
11         Flutter needs it to communicate with the running application
12         to allow setting breakpoints, to provide hot reload, etc.
13    -->
14    <uses-permission android:name="android.permission.INTERNET" />
14-->src/main/AndroidManifest.xml:4:5-66
14-->src/main/AndroidManifest.xml:4:22-64
15    <uses-permission android:name="android.permission.ACCESS_FINE_LOCATION" />
15-->src/main/AndroidManifest.xml:5:5-78
15-->src/main/AndroidManifest.xml:5:22-76
16    <uses-permission android:name="android.permission.ACCESS_COARSE_LOCATION" />
16-->src/main/AndroidManifest.xml:6:5-80
16-->src/main/AndroidManifest.xml:6:22-78
17    <uses-permission android:name="android.permission.ACCESS_NETWORK_STATE" />
17-->src/main/AndroidManifest.xml:7:5-79
17-->src/main/AndroidManifest.xml:7:22-76
18    <uses-permission android:name="android.permission.WAKE_LOCK" /> <!-- Required by older versions of Google Play services to create IID tokens -->
18-->[:firebase_messaging] AndroidManifest.xml:8:5-68
18-->[:firebase_messaging] AndroidManifest.xml:8:22-65
19    <uses-permission android:name="com.google.android.c2dm.permission.RECEIVE" />
19-->[com.google.firebase:firebase-iid:21.0.1] AndroidManifest.xml:26:5-82
19-->[com.google.firebase:firebase-iid:21.0.1] AndroidManifest.xml:26:22-79
20
21    <uses-feature
21-->[com.google.android.gms:play-services-maps:17.0.0] AndroidManifest.xml:26:5-28:35
22        android:glEsVersion="0x00020000"
22-->[com.google.android.gms:play-services-maps:17.0.0] AndroidManifest.xml:27:9-41
23        android:required="true" />
23-->[com.google.android.gms:play-services-maps:17.0.0] AndroidManifest.xml:28:9-32
24    <!--
25 io.flutter.app.FlutterApplication is an android.app.Application that
26         calls FlutterMain.startInitialization(this); in its onCreate method.
27         In most cases you can leave this as-is, but you if you want to provide
28         additional functionality it is fine to subclass or reimplement
29         FlutterApplication and put your custom class here.
30    -->
31    <application
31-->src/main/AndroidManifest.xml:13:5-60:19
32        android:name="androidx.multidex.MultiDexApplication"
33        android:appComponentFactory="androidx.core.app.CoreComponentFactory"
33-->[androidx.core:core:1.6.0] AndroidManifest.xml:24:18-86
34        android:debuggable="true"
35        android:icon="@mipmap/ic_launcher"
35-->src/main/AndroidManifest.xml:15:9-43
36        android:label="Food Delivery App" >
36-->src/main/AndroidManifest.xml:14:9-42
37        <meta-data
37-->src/main/AndroidManifest.xml:17:9-18:77
38            android:name="com.google.android.geo.API_KEY"
38-->src/main/AndroidManifest.xml:17:20-65
39            android:value="AIzaSyDdyth2EiAjU9m9eE_obC5fnTY1yeVNTJU" />
39-->src/main/AndroidManifest.xml:18:20-75
40        <meta-data
40-->src/main/AndroidManifest.xml:19:9-21:62
41            android:name="com.google.firebase.messaging.default_notification_icon"
41-->src/main/AndroidManifest.xml:20:17-87
42            android:resource="@mipmap/ic_notification" />
42-->src/main/AndroidManifest.xml:21:17-59
43
44        <activity
44-->src/main/AndroidManifest.xml:22:9-54:20
45            android:name="com.smartersvision.food_delivery_app_2.MainActivity"
45-->src/main/AndroidManifest.xml:23:13-41
46            android:configChanges="orientation|keyboardHidden|keyboard|screenSize|smallestScreenSize|locale|layoutDirection|fontScale|screenLayout|density|uiMode"
46-->src/main/AndroidManifest.xml:26:13-163
47            android:hardwareAccelerated="true"
47-->src/main/AndroidManifest.xml:27:13-47
48            android:launchMode="singleTop"
48-->src/main/AndroidManifest.xml:24:13-43
49            android:theme="@style/LaunchTheme"
49-->src/main/AndroidManifest.xml:25:13-47
50            android:windowSoftInputMode="adjustResize" >
50-->src/main/AndroidManifest.xml:28:13-55
51
52            <!--
53                 This keeps the window background of the activity showing
54                 until Flutter renders its first frame. It can be removed if
55                 there is no splash screen (such as the default splash screen
56                 defined in @style/LaunchTheme).
57            -->
58            <meta-data
58-->src/main/AndroidManifest.xml:33:13-36:17
59                android:name="io.flutter.embedding.android.NormalTheme"
59-->src/main/AndroidManifest.xml:34:15-70
60                android:resource="@style/NormalTheme" />
60-->src/main/AndroidManifest.xml:35:15-52
61            <!--
62                 Displays an Android View that continues showing the launch screen
63                 Drawable until Flutter paints its first frame, then this splash
64                 screen fades out. A splash screen is useful to avoid any visual
65                 gap between the end of Android's launch screen and the painting of
66                 Flutter's first frame.
67            -->
68            <meta-data
68-->src/main/AndroidManifest.xml:42:13-45:17
69                android:name="io.flutter.embedding.android.SplashScreenDrawable"
69-->src/main/AndroidManifest.xml:43:15-79
70                android:resource="@drawable/launch_background" />
70-->src/main/AndroidManifest.xml:44:15-61
71
72            <intent-filter>
72-->src/main/AndroidManifest.xml:46:13-49:29
73                <action android:name="android.intent.action.MAIN" />
73-->src/main/AndroidManifest.xml:47:17-68
73-->src/main/AndroidManifest.xml:47:25-66
74
75                <category android:name="android.intent.category.LAUNCHER" />
75-->src/main/AndroidManifest.xml:48:17-76
75-->src/main/AndroidManifest.xml:48:27-74
76            </intent-filter>
77            <intent-filter>
77-->src/main/AndroidManifest.xml:50:13-53:29
78                <action android:name="FLUTTER_NOTIFICATION_CLICK" />
78-->src/main/AndroidManifest.xml:51:17-69
78-->src/main/AndroidManifest.xml:51:25-66
79
80                <category android:name="android.intent.category.DEFAULT" />
80-->src/main/AndroidManifest.xml:52:17-76
80-->src/main/AndroidManifest.xml:52:27-73
81            </intent-filter>
82        </activity>
83        <!--
84             Don't delete the meta-data below.
85             This is used by the Flutter tool to generate GeneratedPluginRegistrant.java
86        -->
87        <meta-data
87-->src/main/AndroidManifest.xml:57:9-59:33
88            android:name="flutterEmbedding"
88-->src/main/AndroidManifest.xml:58:13-44
89            android:value="2" />
89-->src/main/AndroidManifest.xml:59:13-30
90
91        <service
91-->[:cloud_firestore] AndroidManifest.xml:8:9-12:19
92            android:name="com.google.firebase.components.ComponentDiscoveryService"
92-->[:cloud_firestore] AndroidManifest.xml:8:18-89
93            android:directBootAware="true"
93-->[com.google.firebase:firebase-common:19.5.0] AndroidManifest.xml:35:13-43
94            android:exported="false" >
94-->[com.google.firebase:firebase-messaging:21.0.1] AndroidManifest.xml:38:13-37
95            <meta-data
95-->[:cloud_firestore] AndroidManifest.xml:9:13-11:85
96                android:name="com.google.firebase.components:io.flutter.plugins.firebase.firestore.FlutterFirebaseFirestoreRegistrar"
96-->[:cloud_firestore] AndroidManifest.xml:10:17-134
97                android:value="com.google.firebase.components.ComponentRegistrar" />
97-->[:cloud_firestore] AndroidManifest.xml:11:17-82
98            <meta-data
98-->[:firebase_auth] AndroidManifest.xml:9:13-11:85
99                android:name="com.google.firebase.components:io.flutter.plugins.firebase.auth.FlutterFirebaseAuthRegistrar"
99-->[:firebase_auth] AndroidManifest.xml:10:17-124
100                android:value="com.google.firebase.components.ComponentRegistrar" />
100-->[:firebase_auth] AndroidManifest.xml:11:17-82
101            <meta-data
101-->[:firebase_messaging] AndroidManifest.xml:34:13-36:85
102                android:name="com.google.firebase.components:io.flutter.plugins.firebase.messaging.FlutterFirebaseAppRegistrar"
102-->[:firebase_messaging] AndroidManifest.xml:35:17-128
103                android:value="com.google.firebase.components.ComponentRegistrar" />
103-->[:firebase_messaging] AndroidManifest.xml:36:17-82
104            <meta-data
104-->[:firebase_core] AndroidManifest.xml:9:13-11:85
105                android:name="com.google.firebase.components:io.flutter.plugins.firebase.core.FlutterFirebaseCoreRegistrar"
105-->[:firebase_core] AndroidManifest.xml:10:17-124
106                android:value="com.google.firebase.components.ComponentRegistrar" />
106-->[:firebase_core] AndroidManifest.xml:11:17-82
107            <meta-data
107-->[com.google.firebase:firebase-messaging:21.0.1] AndroidManifest.xml:39:13-41:85
108                android:name="com.google.firebase.components:com.google.firebase.messaging.FirebaseMessagingRegistrar"
108-->[com.google.firebase:firebase-messaging:21.0.1] AndroidManifest.xml:40:17-119
109                android:value="com.google.firebase.components.ComponentRegistrar" />
109-->[com.google.firebase:firebase-messaging:21.0.1] AndroidManifest.xml:41:17-82
110            <meta-data
110-->[com.google.firebase:firebase-auth:20.0.1] AndroidManifest.xml:77:13-79:85
111                android:name="com.google.firebase.components:com.google.firebase.auth.FirebaseAuthRegistrar"
111-->[com.google.firebase:firebase-auth:20.0.1] AndroidManifest.xml:78:17-109
112                android:value="com.google.firebase.components.ComponentRegistrar" />
112-->[com.google.firebase:firebase-auth:20.0.1] AndroidManifest.xml:79:17-82
113            <meta-data
113-->[com.google.firebase:firebase-iid:21.0.1] AndroidManifest.xml:32:13-34:85
114                android:name="com.google.firebase.components:com.google.firebase.iid.Registrar"
114-->[com.google.firebase:firebase-iid:21.0.1] AndroidManifest.xml:33:17-96
115                android:value="com.google.firebase.components.ComponentRegistrar" />
115-->[com.google.firebase:firebase-iid:21.0.1] AndroidManifest.xml:34:17-82
116            <meta-data
116-->[com.google.firebase:firebase-firestore:22.0.1] AndroidManifest.xml:20:13-22:85
117                android:name="com.google.firebase.components:com.google.firebase.firestore.FirestoreRegistrar"
117-->[com.google.firebase:firebase-firestore:22.0.1] AndroidManifest.xml:21:17-111
118                android:value="com.google.firebase.components.ComponentRegistrar" />
118-->[com.google.firebase:firebase-firestore:22.0.1] AndroidManifest.xml:22:17-82
119            <meta-data
119-->[com.google.firebase:firebase-datatransport:17.0.10] AndroidManifest.xml:28:13-30:85
120                android:name="com.google.firebase.components:com.google.firebase.datatransport.TransportRegistrar"
120-->[com.google.firebase:firebase-datatransport:17.0.10] AndroidManifest.xml:29:17-115
121                android:value="com.google.firebase.components.ComponentRegistrar" />
121-->[com.google.firebase:firebase-datatransport:17.0.10] AndroidManifest.xml:30:17-82
122            <meta-data
122-->[com.google.firebase:firebase-installations:16.3.5] AndroidManifest.xml:18:13-20:85
123                android:name="com.google.firebase.components:com.google.firebase.installations.FirebaseInstallationsRegistrar"
123-->[com.google.firebase:firebase-installations:16.3.5] AndroidManifest.xml:19:17-127
124                android:value="com.google.firebase.components.ComponentRegistrar" />
124-->[com.google.firebase:firebase-installations:16.3.5] AndroidManifest.xml:20:17-82
125            <!--
126                This registrar is not defined in the dynamic-module-support sdk itself to allow non-firebase
127                clients to use it as well, by defining this registrar in their own core/common library.
128            -->
129            <meta-data
129-->[com.google.firebase:firebase-common:19.5.0] AndroidManifest.xml:43:13-45:85
130                android:name="com.google.firebase.components:com.google.firebase.dynamicloading.DynamicLoadingRegistrar"
130-->[com.google.firebase:firebase-common:19.5.0] AndroidManifest.xml:44:17-121
131                android:value="com.google.firebase.components.ComponentRegistrar" />
131-->[com.google.firebase:firebase-common:19.5.0] AndroidManifest.xml:45:17-82
132        </service>
133        <service
133-->[:firebase_messaging] AndroidManifest.xml:12:9-15:72
134            android:name="io.flutter.plugins.firebase.messaging.FlutterFirebaseMessagingBackgroundService"
134-->[:firebase_messaging] AndroidManifest.xml:13:13-107
135            android:exported="false"
135-->[:firebase_messaging] AndroidManifest.xml:14:13-37
136            android:permission="android.permission.BIND_JOB_SERVICE" />
136-->[:firebase_messaging] AndroidManifest.xml:15:13-69
137        <service
137-->[:firebase_messaging] AndroidManifest.xml:16:9-22:19
138            android:name="io.flutter.plugins.firebase.messaging.FlutterFirebaseMessagingService"
138-->[:firebase_messaging] AndroidManifest.xml:17:13-97
139            android:exported="false" >
139-->[:firebase_messaging] AndroidManifest.xml:18:13-37
140            <intent-filter>
140-->[:firebase_messaging] AndroidManifest.xml:19:13-21:29
141                <action android:name="com.google.firebase.MESSAGING_EVENT" />
141-->[:firebase_messaging] AndroidManifest.xml:20:17-78
141-->[:firebase_messaging] AndroidManifest.xml:20:25-75
142            </intent-filter>
143        </service>
144
145        <receiver
145-->[:firebase_messaging] AndroidManifest.xml:24:9-31:20
146            android:name="io.flutter.plugins.firebase.messaging.FlutterFirebaseMessagingReceiver"
146-->[:firebase_messaging] AndroidManifest.xml:25:13-98
147            android:exported="true"
147-->[:firebase_messaging] AndroidManifest.xml:26:13-36
148            android:permission="com.google.android.c2dm.permission.SEND" >
148-->[:firebase_messaging] AndroidManifest.xml:27:13-73
149            <intent-filter>
149-->[:firebase_messaging] AndroidManifest.xml:28:13-30:29
150                <action android:name="com.google.android.c2dm.intent.RECEIVE" />
150-->[:firebase_messaging] AndroidManifest.xml:29:17-81
150-->[:firebase_messaging] AndroidManifest.xml:29:25-78
151            </intent-filter>
152        </receiver>
153
154        <provider
154-->[:firebase_messaging] AndroidManifest.xml:39:9-43:38
155            android:name="io.flutter.plugins.firebase.messaging.FlutterFirebaseMessagingInitProvider"
155-->[:firebase_messaging] AndroidManifest.xml:40:13-102
156            android:authorities="com.smartersvision.food_delivery_app_2.flutterfirebasemessaginginitprovider"
156-->[:firebase_messaging] AndroidManifest.xml:41:13-88
157            android:exported="false"
157-->[:firebase_messaging] AndroidManifest.xml:42:13-37
158            android:initOrder="99" />
158-->[:firebase_messaging] AndroidManifest.xml:43:13-35
159
160        <service
160-->[:location] AndroidManifest.xml:11:9-15:56
161            android:name="com.lyokone.location.FlutterLocationService"
161-->[:location] AndroidManifest.xml:12:13-71
162            android:enabled="true"
162-->[:location] AndroidManifest.xml:13:13-35
163            android:exported="false"
163-->[:location] AndroidManifest.xml:14:13-37
164            android:foregroundServiceType="location" />
164-->[:location] AndroidManifest.xml:15:13-53
165
166        <activity
166-->[:url_launcher] AndroidManifest.xml:8:9-11:74
167            android:name="io.flutter.plugins.urllauncher.WebViewActivity"
167-->[:url_launcher] AndroidManifest.xml:9:13-74
168            android:exported="false"
168-->[:url_launcher] AndroidManifest.xml:10:13-37
169            android:theme="@android:style/Theme.NoTitleBar.Fullscreen" />
169-->[:url_launcher] AndroidManifest.xml:11:13-71
170
171        <uses-library
171-->[androidx.window:window:1.0.0-beta04] AndroidManifest.xml:25:9-27:40
172            android:name="androidx.window.extensions"
172-->[androidx.window:window:1.0.0-beta04] AndroidManifest.xml:26:13-54
173            android:required="false" />
173-->[androidx.window:window:1.0.0-beta04] AndroidManifest.xml:27:13-37
174        <uses-library
174-->[androidx.window:window:1.0.0-beta04] AndroidManifest.xml:28:9-30:40
175            android:name="androidx.window.sidecar"
175-->[androidx.window:window:1.0.0-beta04] AndroidManifest.xml:29:13-51
176            android:required="false" />
176-->[androidx.window:window:1.0.0-beta04] AndroidManifest.xml:30:13-37
177        <!--
178             FirebaseMessagingService performs security checks at runtime,
179             but set to not exported to explicitly avoid allowing another app to call it.
180        -->
181        <service
181-->[com.google.firebase:firebase-messaging:21.0.1] AndroidManifest.xml:28:9-35:19
182            android:name="com.google.firebase.messaging.FirebaseMessagingService"
182-->[com.google.firebase:firebase-messaging:21.0.1] AndroidManifest.xml:29:13-82
183            android:directBootAware="true"
183-->[com.google.firebase:firebase-messaging:21.0.1] AndroidManifest.xml:30:13-43
184            android:exported="false" >
184-->[com.google.firebase:firebase-messaging:21.0.1] AndroidManifest.xml:31:13-37
185            <intent-filter android:priority="-500" >
185-->[:firebase_messaging] AndroidManifest.xml:19:13-21:29
186                <action android:name="com.google.firebase.MESSAGING_EVENT" />
186-->[:firebase_messaging] AndroidManifest.xml:20:17-78
186-->[:firebase_messaging] AndroidManifest.xml:20:25-75
187            </intent-filter>
188        </service>
189
190        <activity
190-->[com.google.firebase:firebase-auth:20.0.1] AndroidManifest.xml:27:9-44:20
191            android:name="com.google.firebase.auth.internal.GenericIdpActivity"
191-->[com.google.firebase:firebase-auth:20.0.1] AndroidManifest.xml:28:13-80
192            android:excludeFromRecents="true"
192-->[com.google.firebase:firebase-auth:20.0.1] AndroidManifest.xml:29:13-46
193            android:exported="true"
193-->[com.google.firebase:firebase-auth:20.0.1] AndroidManifest.xml:30:13-36
194            android:launchMode="singleTask"
194-->[com.google.firebase:firebase-auth:20.0.1] AndroidManifest.xml:31:13-44
195            android:theme="@android:style/Theme.Translucent.NoTitleBar" >
195-->[com.google.firebase:firebase-auth:20.0.1] AndroidManifest.xml:32:13-72
196            <intent-filter>
196-->[com.google.firebase:firebase-auth:20.0.1] AndroidManifest.xml:33:13-43:29
197                <action android:name="android.intent.action.VIEW" />
197-->[com.google.firebase:firebase-auth:20.0.1] AndroidManifest.xml:34:17-69
197-->[com.google.firebase:firebase-auth:20.0.1] AndroidManifest.xml:34:25-66
198
199                <category android:name="android.intent.category.DEFAULT" />
199-->src/main/AndroidManifest.xml:52:17-76
199-->src/main/AndroidManifest.xml:52:27-73
200                <category android:name="android.intent.category.BROWSABLE" />
200-->[com.google.firebase:firebase-auth:20.0.1] AndroidManifest.xml:37:17-78
200-->[com.google.firebase:firebase-auth:20.0.1] AndroidManifest.xml:37:27-75
201
202                <data
202-->[com.google.firebase:firebase-auth:20.0.1] AndroidManifest.xml:39:17-42:51
203                    android:host="firebase.auth"
203-->[com.google.firebase:firebase-auth:20.0.1] AndroidManifest.xml:40:21-49
204                    android:path="/"
204-->[com.google.firebase:firebase-auth:20.0.1] AndroidManifest.xml:41:21-37
205                    android:scheme="genericidp" />
205-->[com.google.firebase:firebase-auth:20.0.1] AndroidManifest.xml:42:21-48
206            </intent-filter>
207        </activity>
208        <activity
208-->[com.google.firebase:firebase-auth:20.0.1] AndroidManifest.xml:45:9-62:20
209            android:name="com.google.firebase.auth.internal.RecaptchaActivity"
209-->[com.google.firebase:firebase-auth:20.0.1] AndroidManifest.xml:46:13-79
210            android:excludeFromRecents="true"
210-->[com.google.firebase:firebase-auth:20.0.1] AndroidManifest.xml:47:13-46
211            android:exported="true"
211-->[com.google.firebase:firebase-auth:20.0.1] AndroidManifest.xml:48:13-36
212            android:launchMode="singleTask"
212-->[com.google.firebase:firebase-auth:20.0.1] AndroidManifest.xml:49:13-44
213            android:theme="@android:style/Theme.Translucent.NoTitleBar" >
213-->[com.google.firebase:firebase-auth:20.0.1] AndroidManifest.xml:50:13-72
214            <intent-filter>
214-->[com.google.firebase:firebase-auth:20.0.1] AndroidManifest.xml:51:13-61:29
215                <action android:name="android.intent.action.VIEW" />
215-->[com.google.firebase:firebase-auth:20.0.1] AndroidManifest.xml:34:17-69
215-->[com.google.firebase:firebase-auth:20.0.1] AndroidManifest.xml:34:25-66
216
217                <category android:name="android.intent.category.DEFAULT" />
217-->src/main/AndroidManifest.xml:52:17-76
217-->src/main/AndroidManifest.xml:52:27-73
218                <category android:name="android.intent.category.BROWSABLE" />
218-->[com.google.firebase:firebase-auth:20.0.1] AndroidManifest.xml:37:17-78
218-->[com.google.firebase:firebase-auth:20.0.1] AndroidManifest.xml:37:27-75
219
220                <data
220-->[com.google.firebase:firebase-auth:20.0.1] AndroidManifest.xml:39:17-42:51
221                    android:host="firebase.auth"
221-->[com.google.firebase:firebase-auth:20.0.1] AndroidManifest.xml:40:21-49
222                    android:path="/"
222-->[com.google.firebase:firebase-auth:20.0.1] AndroidManifest.xml:41:21-37
223                    android:scheme="recaptcha" />
223-->[com.google.firebase:firebase-auth:20.0.1] AndroidManifest.xml:42:21-48
224            </intent-filter>
225        </activity>
226
227        <service
227-->[com.google.firebase:firebase-auth:20.0.1] AndroidManifest.xml:64:9-73:19
228            android:name="com.google.firebase.auth.api.fallback.service.FirebaseAuthFallbackService"
228-->[com.google.firebase:firebase-auth:20.0.1] AndroidManifest.xml:65:13-101
229            android:enabled="true"
229-->[com.google.firebase:firebase-auth:20.0.1] AndroidManifest.xml:66:13-35
230            android:exported="false" >
230-->[com.google.firebase:firebase-auth:20.0.1] AndroidManifest.xml:67:13-37
231            <intent-filter>
231-->[com.google.firebase:firebase-auth:20.0.1] AndroidManifest.xml:68:13-72:29
232                <action android:name="com.google.firebase.auth.api.gms.service.START" />
232-->[com.google.firebase:firebase-auth:20.0.1] AndroidManifest.xml:69:17-89
232-->[com.google.firebase:firebase-auth:20.0.1] AndroidManifest.xml:69:25-86
233
234                <category android:name="android.intent.category.DEFAULT" />
234-->src/main/AndroidManifest.xml:52:17-76
234-->src/main/AndroidManifest.xml:52:27-73
235            </intent-filter>
236        </service>
237
238        <receiver
238-->[com.google.firebase:firebase-iid:21.0.1] AndroidManifest.xml:37:9-44:20
239            android:name="com.google.firebase.iid.FirebaseInstanceIdReceiver"
239-->[com.google.firebase:firebase-iid:21.0.1] AndroidManifest.xml:38:13-78
240            android:exported="true"
240-->[com.google.firebase:firebase-iid:21.0.1] AndroidManifest.xml:39:13-36
241            android:permission="com.google.android.c2dm.permission.SEND" >
241-->[com.google.firebase:firebase-iid:21.0.1] AndroidManifest.xml:40:13-73
242            <intent-filter>
242-->[:firebase_messaging] AndroidManifest.xml:28:13-30:29
243                <action android:name="com.google.android.c2dm.intent.RECEIVE" />
243-->[:firebase_messaging] AndroidManifest.xml:29:17-81
243-->[:firebase_messaging] AndroidManifest.xml:29:25-78
244            </intent-filter>
245        </receiver> <!-- Needs to be explicitly declared on P+ -->
246        <uses-library
246-->[com.google.android.gms:play-services-maps:17.0.0] AndroidManifest.xml:33:9-35:40
247            android:name="org.apache.http.legacy"
247-->[com.google.android.gms:play-services-maps:17.0.0] AndroidManifest.xml:34:13-50
248            android:required="false" />
248-->[com.google.android.gms:play-services-maps:17.0.0] AndroidManifest.xml:35:13-37
249
250        <activity
250-->[com.google.android.gms:play-services-base:17.1.0] AndroidManifest.xml:23:9-26:75
251            android:name="com.google.android.gms.common.api.GoogleApiActivity"
251-->[com.google.android.gms:play-services-base:17.1.0] AndroidManifest.xml:24:13-79
252            android:exported="false"
252-->[com.google.android.gms:play-services-base:17.1.0] AndroidManifest.xml:25:13-37
253            android:theme="@android:style/Theme.Translucent.NoTitleBar" />
253-->[com.google.android.gms:play-services-base:17.1.0] AndroidManifest.xml:26:13-72
254
255        <provider
255-->[com.google.firebase:firebase-common:19.5.0] AndroidManifest.xml:26:9-31:39
256            android:name="com.google.firebase.provider.FirebaseInitProvider"
256-->[com.google.firebase:firebase-common:19.5.0] AndroidManifest.xml:27:13-77
257            android:authorities="com.smartersvision.food_delivery_app_2.firebaseinitprovider"
257-->[com.google.firebase:firebase-common:19.5.0] AndroidManifest.xml:28:13-72
258            android:directBootAware="true"
258-->[com.google.firebase:firebase-common:19.5.0] AndroidManifest.xml:29:13-43
259            android:exported="false"
259-->[com.google.firebase:firebase-common:19.5.0] AndroidManifest.xml:30:13-37
260            android:initOrder="100" />
260-->[com.google.firebase:firebase-common:19.5.0] AndroidManifest.xml:31:13-36
261
262        <meta-data
262-->[com.google.android.gms:play-services-basement:17.1.0] AndroidManifest.xml:23:9-25:69
263            android:name="com.google.android.gms.version"
263-->[com.google.android.gms:play-services-basement:17.1.0] AndroidManifest.xml:24:13-58
264            android:value="@integer/google_play_services_version" />
264-->[com.google.android.gms:play-services-basement:17.1.0] AndroidManifest.xml:25:13-66
265
266        <service
266-->[com.google.android.datatransport:transport-backend-cct:2.3.3] AndroidManifest.xml:29:9-35:19
267            android:name="com.google.android.datatransport.runtime.backends.TransportBackendDiscovery"
267-->[com.google.android.datatransport:transport-backend-cct:2.3.3] AndroidManifest.xml:30:13-103
268            android:exported="false" >
268-->[com.google.android.datatransport:transport-backend-cct:2.3.3] AndroidManifest.xml:31:13-37
269            <meta-data
269-->[com.google.android.datatransport:transport-backend-cct:2.3.3] AndroidManifest.xml:32:13-34:39
270                android:name="backend:com.google.android.datatransport.cct.CctBackendFactory"
270-->[com.google.android.datatransport:transport-backend-cct:2.3.3] AndroidManifest.xml:33:17-94
271                android:value="cct" />
271-->[com.google.android.datatransport:transport-backend-cct:2.3.3] AndroidManifest.xml:34:17-36
272        </service>
273        <service
273-->[com.google.android.datatransport:transport-runtime:2.2.5] AndroidManifest.xml:26:9-30:19
274            android:name="com.google.android.datatransport.runtime.scheduling.jobscheduling.JobInfoSchedulerService"
274-->[com.google.android.datatransport:transport-runtime:2.2.5] AndroidManifest.xml:27:13-117
275            android:exported="false"
275-->[com.google.android.datatransport:transport-runtime:2.2.5] AndroidManifest.xml:28:13-37
276            android:permission="android.permission.BIND_JOB_SERVICE" >
276-->[com.google.android.datatransport:transport-runtime:2.2.5] AndroidManifest.xml:29:13-69
277        </service>
278
279        <receiver
279-->[com.google.android.datatransport:transport-runtime:2.2.5] AndroidManifest.xml:32:9-34:40
280            android:name="com.google.android.datatransport.runtime.scheduling.jobscheduling.AlarmManagerSchedulerBroadcastReceiver"
280-->[com.google.android.datatransport:transport-runtime:2.2.5] AndroidManifest.xml:33:13-132
281            android:exported="false" />
281-->[com.google.android.datatransport:transport-runtime:2.2.5] AndroidManifest.xml:34:13-37
282    </application>
283
284</manifest>